PLINK v2.0.0-a.6.21 64-bit (6 Aug 2025)
Options in effect:
  --make-bed
  --out NIAS_ibv3_296ea
  --pfile NIAS_ibv3_296ea

Hostname: 유고해수
Working directory: G:\Rhome\NIAS_ibv3_296ea\PLINK_120825_0322
Start time: Wed Aug 13 15:31:57 2025

Random number seed: 1755066717
65463 MiB RAM detected; reserving 32731 MiB for main workspace.
Using up to 16 threads (change this with --threads).
296 samples (0 females, 0 males, 296 ambiguous; 296 founders) loaded from
NIAS_ibv3_296ea.psam.
chrSet header line: 29 autosome pairs.
53218 variants loaded from NIAS_ibv3_296ea.pvar.
Note: No phenotype data present.
Writing NIAS_ibv3_296ea.fam ... done.
Writing NIAS_ibv3_296ea.bim ... done.
Writing NIAS_ibv3_296ea.bed ... done.

End time: Wed Aug 13 15:31:57 2025
