PLINK v2.0.0-a.6.21 64-bit (6 Aug 2025)
Options in effect:
  --cow
  --make-pgen
  --out 00_import\NIAS_ibv3_296ea
  --pedmap NIAS_ibv3_296ea
  --sort-vars

Hostname: 유고해수
Working directory: G:\Rhome\NIAS_ibv3_296ea\PLINK_120825_0322
Start time: Wed Aug 20 16:53:23 2025

Random number seed: 1755676403
65463 MiB RAM detected; reserving 32731 MiB for main workspace.
Using up to 16 threads (change this with --threads).
--pedmap: 53218 variants in .map file.
--pedmap: 296 samples present, genotypes extracted to
00_import\NIAS_ibv3_296ea-temporary.bed.smaj .
Transposing sample-major .bed to 00_import\NIAS_ibv3_296ea-temporary.pgen , and
setting major alleles to provisional-REF.
Transpose complete.
--pedmap: 00_import\NIAS_ibv3_296ea-temporary.pgen +
00_import\NIAS_ibv3_296ea-temporary.pvar +
00_import\NIAS_ibv3_296ea-temporary.psam written. .bed.smaj and .fam.tmp
temporary files deleted.
296 samples (0 females, 0 males, 296 ambiguous; 296 founders) loaded from
00_import\NIAS_ibv3_296ea-temporary.psam.
53218 variants loaded from 00_import\NIAS_ibv3_296ea-temporary.pvar.
Note: No phenotype data present.
Writing 00_import\NIAS_ibv3_296ea.pvar ... done.
Writing 00_import\NIAS_ibv3_296ea.psam ... done.
Writing 00_import\NIAS_ibv3_296ea.pgen ... done.

End time: Wed Aug 20 16:53:24 2025
